#
# A fatal error has been detected by the Java Runtime Environment:
#
#  SIGSEGV (0xb) at pc=0x00007fe63d2d3563, pid=7006, tid=140625055282944
#
# JRE version: Java(TM) SE Runtime Environment (8.0_60-b27) (build 1.8.0_60-b27)
# Java VM: Java HotSpot(TM) 64-Bit Server VM (25.60-b23 mixed mode linux-amd64 compressed oops)
# Problematic frame:
# C  [libc.so.6+0x3b563]
#
# Failed to write core dump. Core dumps have been disabled. To enable core dumping, try "ulimit -c unlimited" before starting Java again
#
# If you would like to submit a bug report, please visit:
#   http://bugreport.java.com/bugreport/crash.jsp
# The crash happened outside the Java Virtual Machine in native code.
# See problematic frame for where to report the bug.
#

---------------  T H R E A D  ---------------

Current thread (0x00007fe5e00f3800):  JavaThread "JavaFX Application Thread" [_thread_in_native, id=7042, stack(0x00007fe5d2677000,0x00007fe5d2778000)]

siginfo: si_signo: 11 (SIGSEGV), si_code: 128 (SI_KERNEL), si_addr: 0x0000000000000000

Registers:
RAX=0x00007fe5e44a65ef, RBX=0x0000000000000001, RCX=0x00007fe5c8000040, RDX=0x00107ca26dc25c20
RSP=0x00007fe5d27760f0, RBP=0x00007fe63d64f688, RSI=0x00000000ffffffff, RDI=0x00007fe5c8000000
R8 =0x00000000000000c0, R9 =0x0000000000001b82, R10=0x00007fe5d2775e70, R11=0x00007fe5b83d5c44
R12=0x00007fe5e4759e30, R13=0x0000000000000001, R14=0x00007fe5c84967c0, R15=0x0000000000000000
RIP=0x00007fe63d2d3563, EFLAGS=0x0000000000010212, CSGSFS=0x0000000000000033, ERR=0x0000000000000000
  TRAPNO=0x000000000000000d

Top of Stack: (sp=0x00007fe5d27760f0)
0x00007fe5d27760f0:   00007fe63d651a80 000000000000000b
0x00007fe5d2776100:   00007fe5c8412384 00007fe5e005eb50
0x00007fe5d2776110:   00007fe5d27776a0 00007fe63d2d3635
0x00007fe5d2776120:   000000000000006a 00007fe61ddbb7d4
0x00007fe5d2776130:   00007fe5e0085750 00007fe5e008be10
0x00007fe5d2776140:   00007fe5d27761f0 0000000000000000
0x00007fe5d2776150:   00007fe5c84967c0 00007fe5df8082be
0x00007fe5d2776160:   00007fe5e008be10 00007fe5df80624b
0x00007fe5d2776170:   000000000e9012c5 0000003000000018
0x00007fe5d2776180:   00007fe5e0091110 00000000c8304c10
0x00007fe5d2776190:   0000000000205028 0000000000000000
0x00007fe5d27761a0:   0000000000205068 00007fe5e008be10
0x00007fe5d27761b0:   0000000005200004 0000000000000000
0x00007fe5d27761c0:   0000000000000143 7fffffffffffffff
0x00007fe5d27761d0:   00007fe5d27762e0 00007fe5df7ebda6
0x00007fe5d27761e0:   00007fe5df7d2848 00000000dfd3fe23
0x00007fe5d27761f0:   00007fe5c8304c10 00007fe5c8304d90
0x00007fe5d2776200:   00007fe5c8393f10 00007fe5e008f040
0x00007fe5d2776210:   0000000026480000 0000000000000000
0x00007fe5d2776220:   0000000000000000 0000000000000000
0x00007fe5d2776230:   0000000000000143 00007fe5c8304d90
0x00007fe5d2776240:   00007fe5c8393f10 00007fe5e008f040
0x00007fe5d2776250:   00007fe5e00c4160 00007fe5e00d8e00
0x00007fe5d2776260:   00007fe5d27762ec 00007fe5d35fb150
0x00007fe5d2776270:   0000000000000006 00007fe5d27762e0
0x00007fe5d2776280:   00007fe5d27762ec 00007fe5d27762d8
0x00007fe5d2776290:   00007fe5d27762d0 00007fe5d27762c8
0x00007fe5d27762a0:   0000000000000143 0000000005200004
0x00007fe5d27762b0:   00007fe5ffffffff 00007fe5e00a06c0
0x00007fe5d27762c0:   00007fe5c8013a10 0000000000000000
0x00007fe5d27762d0:   0000000000000000 0000000000000000
0x00007fe5d27762e0:   0000000000000000 0000000000000000 

Instructions: (pc=0x00007fe63d2d3563)
0x00007fe63d2d3543:   24 08 48 85 c0 0f 84 8a 00 00 00 48 83 e8 01 48
0x00007fe63d2d3553:   89 c2 49 89 44 24 08 48 c1 e2 05 49 8d 54 14 10
0x00007fe63d2d3563:   48 8b 0a 48 83 f9 03 74 4c 48 83 f9 04 74 26 48
0x00007fe63d2d3573:   83 f9 02 75 cd 48 8b 42 08 48 8b 72 10 89 df 48 

Register to memory mapping:

RAX=0x00007fe5e44a65ef is an unknown value
RBX=0x0000000000000001 is an unknown value
RCX=0x00007fe5c8000040 is an unknown value
RDX=0x00107ca26dc25c20 is an unknown value
RSP=0x00007fe5d27760f0 is pointing into the stack for thread: 0x00007fe5e00f3800
RBP=0x00007fe63d64f688: <offset 0x3b7688> in /lib/x86_64-linux-gnu/libc.so.6 at 0x00007fe63d298000
RSI=0x00000000ffffffff is an unallocated location in the heap
RDI=0x00007fe5c8000000 is an unknown value
R8 =0x00000000000000c0 is an unknown value
R9 =0x0000000000001b82 is an unknown value
R10=0x00007fe5d2775e70 is pointing into the stack for thread: 0x00007fe5e00f3800
R11=0x00007fe5b83d5c44: _ZN13CMediaManagerD1Ev+0 in /usr/lib/jvm/java-8-oracle/jre/lib/amd64/libjfxmedia.so at 0x00007fe5b83c0000
R12=0x00007fe5e4759e30 is an unknown value
R13=0x0000000000000001 is an unknown value
R14=0x00007fe5c84967c0 is an unknown value
R15=0x0000000000000000 is an unknown value


Stack: [0x00007fe5d2677000,0x00007fe5d2778000],  sp=0x00007fe5d27760f0,  free space=1020k
Native frames: (J=compiled Java code, j=interpreted, Vv=VM code, C=native code)
C  [libc.so.6+0x3b563]

Java frames: (J=compiled Java code, j=interpreted, Vv=VM code)
j  com.sun.glass.ui.gtk.GtkApplication._runLoop(Ljava/lang/Runnable;Z)V+0
j  com.sun.glass.ui.gtk.GtkApplication.lambda$null$50(Ljava/lang/Runnable;Z)V+7
j  com.sun.glass.ui.gtk.GtkApplication$$Lambda$43.run()V+12
j  java.lang.Thread.run()V+11
v  ~StubRoutines::call_stub

---------------  P R O C E S S  ---------------

Java Threads: ( => current thread )
  0x00007fe604002000 JavaThread "SIGTERM handler" daemon [_thread_blocked, id=12115, stack(0x00007fe5bb9a6000,0x00007fe5bbaa7000)]
  0x00007fe604001000 JavaThread "SIGTERM handler" daemon [_thread_in_vm, id=12113, stack(0x00007fe5bbaa7000,0x00007fe5bbba8000)]
  0x00007fe5c83a1800 JavaThread "Thread-72" [_thread_blocked, id=10887, stack(0x00007fe5a7b7e000,0x00007fe5a7c7f000)]
  0x00007fe5c8394000 JavaThread "Timer-2" daemon [_thread_blocked, id=10411, stack(0x00007fe5a7c7f000,0x00007fe5a7d80000)]
  0x00007fe5c8497000 JavaThread "Media Resource Disposer" daemon [_thread_blocked, id=8288, stack(0x00007fe5b009f000,0x00007fe5b01a0000)]
  0x00007fe5c843e000 JavaThread "JFXMedia Player EventQueueThread" daemon [_thread_blocked, id=8284, stack(0x00007fe5b320f000,0x00007fe5b3310000)]
  0x00007fe5c806e800 JavaThread "Thread-3" [_thread_blocked, id=7048, stack(0x00007fe5d0669000,0x00007fe5d076a000)]
  0x00007fe5c8228800 JavaThread "Prism Font Disposer" daemon [_thread_blocked, id=7044, stack(0x00007fe5d0a6f000,0x00007fe5d0b70000)]
=>0x00007fe5e00f3800 JavaThread "JavaFX Application Thread" [_thread_in_native, id=7042, stack(0x00007fe5d2677000,0x00007fe5d2778000)]
  0x00007fe5e00ef800 JavaThread "Thread-2" daemon [_thread_blocked, id=7041, stack(0x00007fe5d80cf000,0x00007fe5d81d0000)]
  0x00007fe5e004a800 JavaThread "QuantumRenderer-0" daemon [_thread_in_native, id=7038, stack(0x00007fe61e85e000,0x00007fe61e95f000)]
  0x00007fe6341e9800 JavaThread "JavaFX-Launcher" [_thread_blocked, id=7037, stack(0x00007fe61e95f000,0x00007fe61ea60000)]
  0x00007fe634124800 JavaThread "Monitor Ctrl-Break" daemon [_thread_in_native, id=7036, stack(0x00007fe61ed0f000,0x00007fe61ee10000)]
  0x00007fe6340c2800 JavaThread "Service Thread" daemon [_thread_blocked, id=7028, stack(0x00007fe61f113000,0x00007fe61f214000)]
  0x00007fe6340bd800 JavaThread "C1 CompilerThread2" daemon [_thread_blocked, id=7027, stack(0x00007fe61f214000,0x00007fe61f315000)]
  0x00007fe6340bb800 JavaThread "C2 CompilerThread1" daemon [_thread_blocked, id=7026, stack(0x00007fe61f315000,0x00007fe61f416000)]
  0x00007fe6340b9000 JavaThread "C2 CompilerThread0" daemon [_thread_blocked, id=7025, stack(0x00007fe61f416000,0x00007fe61f517000)]
  0x00007fe6340b7800 JavaThread "Signal Dispatcher" daemon [_thread_blocked, id=7024, stack(0x00007fe61f517000,0x00007fe61f618000)]
  0x00007fe63407f800 JavaThread "Finalizer" daemon [_thread_blocked, id=7020, stack(0x00007fe61fcfd000,0x00007fe61fdfe000)]
  0x00007fe63407d800 JavaThread "Reference Handler" daemon [_thread_blocked, id=7019, stack(0x00007fe61fdfe000,0x00007fe61feff000)]
  0x00007fe63400a800 JavaThread "main" [_thread_blocked, id=7007, stack(0x00007fe63dda4000,0x00007fe63dea5000)]

Other Threads:
  0x00007fe634078000 VMThread [stack: 0x00007fe61feff000,0x00007fe620000000] [id=7018]
  0x00007fe6340c5000 WatcherThread [stack: 0x00007fe61f012000,0x00007fe61f113000] [id=7029]

VM state:not at safepoint (normal execution)

VM Mutex/Monitor currently owned by a thread: None

Heap:
 PSYoungGen      total 13824K, used 2168K [0x00000000eff00000, 0x00000000f0d80000, 0x0000000100000000)
  eden space 12800K, 16% used [0x00000000eff00000,0x00000000f010e1e0,0x00000000f0b80000)
  from space 1024K, 6% used [0x00000000f0b80000,0x00000000f0b90000,0x00000000f0c80000)
  to   space 1024K, 0% used [0x00000000f0c80000,0x00000000f0c80000,0x00000000f0d80000)
 ParOldGen       total 34304K, used 5393K [0x00000000cfc00000, 0x00000000d1d80000, 0x00000000eff00000)
  object space 34304K, 15% used [0x00000000cfc00000,0x00000000d01445e0,0x00000000d1d80000)
 Metaspace       used 15014K, capacity 15656K, committed 15744K, reserved 1062912K
  class space    used 1950K, capacity 2117K, committed 2176K, reserved 1048576K

Card table byte_map: [0x00007fe63a9bd000,0x00007fe63ab40000] byte_map_base: 0x00007fe63a33f000

Marking Bits: (ParMarkBitMap*) 0x00007fe63d266de0
 Begin Bits: [0x00007fe638c97000, 0x00007fe6398a7000)
 End Bits:   [0x00007fe6398a7000, 0x00007fe63a4b7000)

Polling page: 0x00007fe63deb9000

CodeCache: size=245760Kb used=6446Kb max_used=6472Kb free=239313Kb
 bounds [0x00007fe625000000, 0x00007fe625660000, 0x00007fe634000000]
 total_blobs=2814 nmethods=2173 adapters=555
 compilation: enabled

Compilation events (10 events):
Event: 13986.006 Thread 0x00007fe6340bd800 2333       1       com.sun.glass.ui.gtk.GtkView::_getNativeFrameBuffer (2 bytes)
Event: 13986.006 Thread 0x00007fe6340bd800 nmethod 2333 0x00007fe625655c10 code [0x00007fe625655d60, 0x00007fe625655e70]
Event: 13986.008 Thread 0x00007fe6340bd800 2334       1       com.sun.prism.impl.BaseResourceFactory::isDeviceReady (2 bytes)
Event: 13986.008 Thread 0x00007fe6340bd800 nmethod 2334 0x00007fe625131910 code [0x00007fe625131a60, 0x00007fe625131b70]
Event: 13986.009 Thread 0x00007fe6340bd800 2335       1       com.sun.prism.PresentableState::getNativeFrameBuffer (5 bytes)
Event: 13986.009 Thread 0x00007fe6340bd800 nmethod 2335 0x00007fe625136a50 code [0x00007fe625136ba0, 0x00007fe625136cb0]
Event: 13986.011 Thread 0x00007fe6340bd800 2336       3       com.sun.prism.impl.BaseGraphics::setRenderRoot (6 bytes)
Event: 13986.011 Thread 0x00007fe6340bd800 nmethod 2336 0x00007fe6251a7ed0 code [0x00007fe6251a8020, 0x00007fe6251a8190]
Event: 13986.096 Thread 0x00007fe6340bd800 2337  s    1       com.sun.javafx.tk.quantum.GlassScene::getDoPresent (5 bytes)
Event: 13986.096 Thread 0x00007fe6340bd800 nmethod 2337 0x00007fe6251adb50 code [0x00007fe6251adca0, 0x00007fe6251adf10]

GC Heap History (10 events):
Event: 13117.562 GC heap before
{Heap before GC invocations=41 (full 0):
 PSYoungGen      total 13824K, used 12928K [0x00000000eff00000, 0x00000000f0d80000, 0x0000000100000000)
  eden space 12800K, 100% used [0x00000000eff00000,0x00000000f0b80000,0x00000000f0b80000)
  from space 1024K, 12% used [0x00000000f0c80000,0x00000000f0ca0000,0x00000000f0d80000)
  to   space 1024K, 0% used [0x00000000f0b80000,0x00000000f0b80000,0x00000000f0c80000)
 ParOldGen       total 34304K, used 5393K [0x00000000cfc00000, 0x00000000d1d80000, 0x00000000eff00000)
  object space 34304K, 15% used [0x00000000cfc00000,0x00000000d01445e0,0x00000000d1d80000)
 Metaspace       used 15011K, capacity 15656K, committed 15744K, reserved 1062912K
  class space    used 1950K, capacity 2117K, committed 2176K, reserved 1048576K
Event: 13117.564 GC heap after
Heap after GC invocations=41 (full 0):
 PSYoungGen      total 13824K, used 96K [0x00000000eff00000, 0x00000000f0d80000, 0x0000000100000000)
  eden space 12800K, 0% used [0x00000000eff00000,0x00000000eff00000,0x00000000f0b80000)
  from space 1024K, 9% used [0x00000000f0b80000,0x00000000f0b98000,0x00000000f0c80000)
  to   space 1024K, 0% used [0x00000000f0c80000,0x00000000f0c80000,0x00000000f0d80000)
 ParOldGen       total 34304K, used 5393K [0x00000000cfc00000, 0x00000000d1d80000, 0x00000000eff00000)
  object space 34304K, 15% used [0x00000000cfc00000,0x00000000d01445e0,0x00000000d1d80000)
 Metaspace       used 15011K, capacity 15656K, committed 15744K, reserved 1062912K
  class space    used 1950K, capacity 2117K, committed 2176K, reserved 1048576K
}
Event: 13327.545 GC heap before
{Heap before GC invocations=42 (full 0):
 PSYoungGen      total 13824K, used 12896K [0x00000000eff00000, 0x00000000f0d80000, 0x0000000100000000)
  eden space 12800K, 100% used [0x00000000eff00000,0x00000000f0b80000,0x00000000f0b80000)
  from space 1024K, 9% used [0x00000000f0b80000,0x00000000f0b98000,0x00000000f0c80000)
  to   space 1024K, 0% used [0x00000000f0c80000,0x00000000f0c80000,0x00000000f0d80000)
 ParOldGen       total 34304K, used 5393K [0x00000000cfc00000, 0x00000000d1d80000, 0x00000000eff00000)
  object space 34304K, 15% used [0x00000000cfc00000,0x00000000d01445e0,0x00000000d1d80000)
 Metaspace       used 15011K, capacity 15656K, committed 15744K, reserved 1062912K
  class space    used 1950K, capacity 2117K, committed 2176K, reserved 1048576K
Event: 13327.547 GC heap after
Heap after GC invocations=42 (full 0):
 PSYoungGen      total 13824K, used 128K [0x00000000eff00000, 0x00000000f0d80000, 0x0000000100000000)
  eden space 12800K, 0% used [0x00000000eff00000,0x00000000eff00000,0x00000000f0b80000)
  from space 1024K, 12% used [0x00000000f0c80000,0x00000000f0ca0000,0x00000000f0d80000)
  to   space 1024K, 0% used [0x00000000f0b80000,0x00000000f0b80000,0x00000000f0c80000)
 ParOldGen       total 34304K, used 5393K [0x00000000cfc00000, 0x00000000d1d80000, 0x00000000eff00000)
  object space 34304K, 15% used [0x00000000cfc00000,0x00000000d01445e0,0x00000000d1d80000)
 Metaspace       used 15011K, capacity 15656K, committed 15744K, reserved 1062912K
  class space    used 1950K, capacity 2117K, committed 2176K, reserved 1048576K
}
Event: 13538.609 GC heap before
{Heap before GC invocations=43 (full 0):
 PSYoungGen      total 13824K, used 12928K [0x00000000eff00000, 0x00000000f0d80000, 0x0000000100000000)
  eden space 12800K, 100% used [0x00000000eff00000,0x00000000f0b80000,0x00000000f0b80000)
  from space 1024K, 12% used [0x00000000f0c80000,0x00000000f0ca0000,0x00000000f0d80000)
  to   space 1024K, 0% used [0x00000000f0b80000,0x00000000f0b80000,0x00000000f0c80000)
 ParOldGen       total 34304K, used 5393K [0x00000000cfc00000, 0x00000000d1d80000, 0x00000000eff00000)
  object space 34304K, 15% used [0x00000000cfc00000,0x00000000d01445e0,0x00000000d1d80000)
 Metaspace       used 15011K, capacity 15656K, committed 15744K, reserved 1062912K
  class space    used 1950K, capacity 2117K, committed 2176K, reserved 1048576K
Event: 13538.610 GC heap after
Heap after GC invocations=43 (full 0):
 PSYoungGen      total 13824K, used 96K [0x00000000eff00000, 0x00000000f0d80000, 0x0000000100000000)
  eden space 12800K, 0% used [0x00000000eff00000,0x00000000eff00000,0x00000000f0b80000)
  from space 1024K, 9% used [0x00000000f0b80000,0x00000000f0b98000,0x00000000f0c80000)
  to   space 1024K, 0% used [0x00000000f0c80000,0x00000000f0c80000,0x00000000f0d80000)
 ParOldGen       total 34304K, used 5393K [0x00000000cfc00000, 0x00000000d1d80000, 0x00000000eff00000)
  object space 34304K, 15% used [0x00000000cfc00000,0x00000000d01445e0,0x00000000d1d80000)
 Metaspace       used 15011K, capacity 15656K, committed 15744K, reserved 1062912K
  class space    used 1950K, capacity 2117K, committed 2176K, reserved 1048576K
}
Event: 13748.662 GC heap before
{Heap before GC invocations=44 (full 0):
 PSYoungGen      total 13824K, used 12896K [0x00000000eff00000, 0x00000000f0d80000, 0x0000000100000000)
  eden space 12800K, 100% used [0x00000000eff00000,0x00000000f0b80000,0x00000000f0b80000)
  from space 1024K, 9% used [0x00000000f0b80000,0x00000000f0b98000,0x00000000f0c80000)
  to   space 1024K, 0% used [0x00000000f0c80000,0x00000000f0c80000,0x00000000f0d80000)
 ParOldGen       total 34304K, used 5393K [0x00000000cfc00000, 0x00000000d1d80000, 0x00000000eff00000)
  object space 34304K, 15% used [0x00000000cfc00000,0x00000000d01445e0,0x00000000d1d80000)
 Metaspace       used 15011K, capacity 15656K, committed 15744K, reserved 1062912K
  class space    used 1950K, capacity 2117K, committed 2176K, reserved 1048576K
Event: 13748.664 GC heap after
Heap after GC invocations=44 (full 0):
 PSYoungGen      total 13824K, used 32K [0x00000000eff00000, 0x00000000f0d80000, 0x0000000100000000)
  eden space 12800K, 0% used [0x00000000eff00000,0x00000000eff00000,0x00000000f0b80000)
  from space 1024K, 3% used [0x00000000f0c80000,0x00000000f0c88000,0x00000000f0d80000)
  to   space 1024K, 0% used [0x00000000f0b80000,0x00000000f0b80000,0x00000000f0c80000)
 ParOldGen       total 34304K, used 5393K [0x00000000cfc00000, 0x00000000d1d80000, 0x00000000eff00000)
  object space 34304K, 15% used [0x00000000cfc00000,0x00000000d01445e0,0x00000000d1d80000)
 Metaspace       used 15011K, capacity 15656K, committed 15744K, reserved 1062912K
  class space    used 1950K, capacity 2117K, committed 2176K, reserved 1048576K
}
Event: 13958.662 GC heap before
{Heap before GC invocations=45 (full 0):
 PSYoungGen      total 13824K, used 12832K [0x00000000eff00000, 0x00000000f0d80000, 0x0000000100000000)
  eden space 12800K, 100% used [0x00000000eff00000,0x00000000f0b80000,0x00000000f0b80000)
  from space 1024K, 3% used [0x00000000f0c80000,0x00000000f0c88000,0x00000000f0d80000)
  to   space 1024K, 0% used [0x00000000f0b80000,0x00000000f0b80000,0x00000000f0c80000)
 ParOldGen       total 34304K, used 5393K [0x00000000cfc00000, 0x00000000d1d80000, 0x00000000eff00000)
  object space 34304K, 15% used [0x00000000cfc00000,0x00000000d01445e0,0x00000000d1d80000)
 Metaspace       used 15011K, capacity 15656K, committed 15744K, reserved 1062912K
  class space    used 1950K, capacity 2117K, committed 2176K, reserved 1048576K
Event: 13958.663 GC heap after
Heap after GC invocations=45 (full 0):
 PSYoungGen      total 13824K, used 64K [0x00000000eff00000, 0x00000000f0d80000, 0x0000000100000000)
  eden space 12800K, 0% used [0x00000000eff00000,0x00000000eff00000,0x00000000f0b80000)
  from space 1024K, 6% used [0x00000000f0b80000,0x00000000f0b90000,0x00000000f0c80000)
  to   space 1024K, 0% used [0x00000000f0c80000,0x00000000f0c80000,0x00000000f0d80000)
 ParOldGen       total 34304K, used 5393K [0x00000000cfc00000, 0x00000000d1d80000, 0x00000000eff00000)
  object space 34304K, 15% used [0x00000000cfc00000,0x00000000d01445e0,0x00000000d1d80000)
 Metaspace       used 15011K, capacity 15656K, committed 15744K, reserved 1062912K
  class space    used 1950K, capacity 2117K, committed 2176K, reserved 1048576K
}

Deoptimization events (10 events):
Event: 7636.784 Thread 0x00007fe5e00f3800 Uncommon trap: reason=unstable_if action=reinterpret pc=0x00007fe62535d330 method=java.util.HashMap.isEmpty()Z @ 4
Event: 7640.713 Thread 0x00007fe5c8394000 Uncommon trap: reason=unstable_if action=reinterpret pc=0x00007fe6253e128c method=java.util.TaskQueue.isEmpty()Z @ 4
Event: 7640.714 Thread 0x00007fe5c8394000 Uncommon trap: reason=unstable_if action=reinterpret pc=0x00007fe62558cff0 method=java.util.TaskQueue.isEmpty()Z @ 4
Event: 7690.308 Thread 0x00007fe5e00ef800 Uncommon trap: reason=class_check action=maybe_recompile pc=0x00007fe6255ce104 method=com.sun.glass.ui.InvokeLaterDispatcher.run()V @ 9
Event: 7690.322 Thread 0x00007fe5e00f3800 Uncommon trap: reason=bimorphic action=maybe_recompile pc=0x00007fe625620d0c method=com.sun.javafx.event.EventHandlerManager.dispatchCapturingEvent(Ljavafx/event/Event;)Ljavafx/event/Event; @ 1
Event: 7690.322 Thread 0x00007fe5e00f3800 Uncommon trap: reason=bimorphic action=maybe_recompile pc=0x00007fe625620d0c method=com.sun.javafx.event.EventHandlerManager.dispatchCapturingEvent(Ljavafx/event/Event;)Ljavafx/event/Event; @ 1
Event: 7690.322 Thread 0x00007fe5e00f3800 Uncommon trap: reason=bimorphic action=maybe_recompile pc=0x00007fe625620d0c method=com.sun.javafx.event.EventHandlerManager.dispatchCapturingEvent(Ljavafx/event/Event;)Ljavafx/event/Event; @ 1
Event: 10610.561 Thread 0x00007fe5e00ef800 Uncommon trap: reason=class_check action=maybe_recompile pc=0x00007fe6255ce104 method=com.sun.glass.ui.InvokeLaterDispatcher.run()V @ 9
Event: 10618.062 Thread 0x00007fe5e00f3800 Uncommon trap: reason=unstable_if action=reinterpret pc=0x00007fe62531db88 method=java.security.AccessControlContext.optimize()Ljava/security/AccessControlContext; @ 220
Event: 13986.005 Thread 0x00007fe5e00ef800 Uncommon trap: reason=class_check action=maybe_recompile pc=0x00007fe6255ce104 method=com.sun.glass.ui.InvokeLaterDispatcher.run()V @ 9

Internal exceptions (10 events):
Event: 0.246 Thread 0x00007fe63400a800 Exception <a 'java/lang/NoSuchFieldError': method resolution failed> (0x00000000f01c98f0) thrown at [/HUDSON/workspace/8-2-build-linux-amd64/jdk8u60/4407/hotspot/src/share/vm/prims/methodHandles.cpp, line 1146]
Event: 0.287 Thread 0x00007fe6341e9800 Exception <a 'java/security/PrivilegedActionException'> (0x00000000f028cce8) thrown at [/HUDSON/workspace/8-2-build-linux-amd64/jdk8u60/4407/hotspot/src/share/vm/prims/jvm.cpp, line 1386]
Event: 0.287 Thread 0x00007fe6341e9800 Exception <a 'java/security/PrivilegedActionException'> (0x00000000f028cef8) thrown at [/HUDSON/workspace/8-2-build-linux-amd64/jdk8u60/4407/hotspot/src/share/vm/prims/jvm.cpp, line 1386]
Event: 0.287 Thread 0x00007fe6341e9800 Exception <a 'java/security/PrivilegedActionException'> (0x00000000f028f338) thrown at [/HUDSON/workspace/8-2-build-linux-amd64/jdk8u60/4407/hotspot/src/share/vm/prims/jvm.cpp, line 1386]
Event: 0.287 Thread 0x00007fe6341e9800 Exception <a 'java/security/PrivilegedActionException'> (0x00000000f028f548) thrown at [/HUDSON/workspace/8-2-build-linux-amd64/jdk8u60/4407/hotspot/src/share/vm/prims/jvm.cpp, line 1386]
Event: 0.288 Thread 0x00007fe6341e9800 Exception <a 'java/lang/NullPointerException'> (0x00000000f028fb20) thrown at [/HUDSON/workspace/8-2-build-linux-amd64/jdk8u60/4407/hotspot/src/share/vm/interpreter/linkResolver.cpp, line 1178]
Event: 0.792 Thread 0x00007fe5e00f3800 Exception <a 'java/lang/NullPointerException'> (0x00000000f08e98e0) thrown at [/HUDSON/workspace/8-2-build-linux-amd64/jdk8u60/4407/hotspot/src/share/vm/interpreter/linkResolver.cpp, line 1178]
Event: 0.792 Thread 0x00007fe5e00f3800 Exception <a 'java/lang/NullPointerException'> (0x00000000f08e98e0) thrown at [/HUDSON/workspace/8-2-build-linux-amd64/jdk8u60/4407/hotspot/src/share/vm/prims/jvm.cpp, line 1390]
Event: 322.772 Thread 0x00007fe5e00f3800 Implicit null exception at 0x00007fe625393935 to 0x00007fe625393c61
Event: 322.773 Thread 0x00007fe5e00f3800 Implicit null exception at 0x00007fe625210175 to 0x00007fe625210495

Events (10 events):
Event: 13986.009 Thread 0x00007fe6340bd800 flushing nmethod 0x00007fe6251a7ad0
Event: 13986.011 Thread 0x00007fe6340bd800 flushing nmethod 0x00007fe6251a7ed0
Event: 13986.011 Thread 0x00007fe6340bd800 flushing nmethod 0x00007fe6251ad5d0
Event: 13986.011 Thread 0x00007fe6340bd800 flushing nmethod 0x00007fe6251ad910
Event: 13986.011 Thread 0x00007fe6340bd800 flushing nmethod 0x00007fe6251adc50
Event: 13986.011 Thread 0x00007fe6340bd800 flushing nmethod 0x00007fe6251dc710
Event: 13986.011 Thread 0x00007fe6340bd800 flushing nmethod 0x00007fe6251ff190
Event: 13986.097 Thread 0x00007fe6340bd800 flushing nmethod 0x00007fe62528f950
Event: 13986.324 loading class sun/misc/Signal$1
Event: 13986.405 loading class sun/misc/Signal$1 done


Dynamic libraries:
00400000-00401000 r-xp 00000000 08:02 1583484                            /usr/lib/jvm/java-8-oracle/bin/java
00600000-00601000 rw-p 00000000 08:02 1583484                            /usr/lib/jvm/java-8-oracle/bin/java
012e4000-01305000 rw-p 00000000 00:00 0                                  [heap]
cfc00000-d1d80000 rw-p 00000000 00:00 0 
d1d80000-eff00000 ---p 00000000 00:00 0 
eff00000-f0d80000 rw-p 00000000 00:00 0 
f0d80000-100000000 ---p 00000000 00:00 0 
100000000-100220000 rw-p 00000000 00:00 0 
100220000-140000000 ---p 00000000 00:00 0 
7fe58c000000-7fe58c021000 rw-p 00000000 00:00 0 
7fe58c021000-7fe590000000 ---p 00000000 00:00 0 
7fe590000000-7fe590022000 rw-p 00000000 00:00 0 
7fe590022000-7fe594000000 ---p 00000000 00:00 0 
7fe594000000-7fe594044000 rw-p 00000000 00:00 0 
7fe594044000-7fe598000000 ---p 00000000 00:00 0 
7fe598000000-7fe598046000 rw-p 00000000 00:00 0 
7fe598046000-7fe59c000000 ---p 00000000 00:00 0 
7fe59c000000-7fe59c021000 rw-p 00000000 00:00 0 
7fe59c021000-7fe5a0000000 ---p 00000000 00:00 0 
7fe5a11e5000-7fe5a11e6000 ---p 00000000 00:00 0 
7fe5a11e6000-7fe5a19e6000 rw-p 00000000 00:00 0                          [stack:8289]
7fe5a19e6000-7fe5a19e9000 ---p 00000000 00:00 0 
7fe5a19e9000-7fe5a21e7000 rw-p 00000000 00:00 0                          [stack:8287]
7fe5a21e7000-7fe5a21ea000 ---p 00000000 00:00 0 
7fe5a21ea000-7fe5a29e8000 rw-p 00000000 00:00 0                          [stack:8286]
7fe5a29e8000-7fe5a69e9000 rw-s 00000000 00:14 27314                      /run/shm/pulse-shm-3447307441
7fe5a69f0000-7fe5a69f6000 r-xp 00000000 08:02 1704293                    /usr/lib/x86_64-linux-gnu/alsa-lib/libasound_module_pcm_pulse.so
7fe5a69f6000-7fe5a6bf5000 ---p 00006000 08:02 1704293                    /usr/lib/x86_64-linux-gnu/alsa-lib/libasound_module_pcm_pulse.so
7fe5a6bf5000-7fe5a6bf6000 r--p 00005000 08:02 1704293                    /usr/lib/x86_64-linux-gnu/alsa-lib/libasound_module_pcm_pulse.so
7fe5a6bf6000-7fe5a6bf7000 rw-p 00006000 08:02 1704293                    /usr/lib/x86_64-linux-gnu/alsa-lib/libasound_module_pcm_pulse.so
7fe5a6bf8000-7fe5a6c40000 r-xp 00000000 08:02 1449782                    /usr/lib/x86_64-linux-gnu/libFLAC.so.8.2.0
7fe5a6c40000-7fe5a6e40000 ---p 00048000 08:02 1449782                    /usr/lib/x86_64-linux-gnu/libFLAC.so.8.2.0
7fe5a6e40000-7fe5a6e41000 r--p 00048000 08:02 1449782                    /usr/lib/x86_64-linux-gnu/libFLAC.so.8.2.0
7fe5a6e41000-7fe5a6e42000 rw-p 00049000 08:02 1449782                    /usr/lib/x86_64-linux-gnu/libFLAC.so.8.2.0
7fe5a6e48000-7fe5a6e4d000 r-xp 00000000 08:02 1449636                    /usr/lib/x86_64-linux-gnu/libasyncns.so.0.3.1
7fe5a6e4d000-7fe5a704c000 ---p 00005000 08:02 1449636                    /usr/lib/x86_64-linux-gnu/libasyncns.so.0.3.1
7fe5a704c000-7fe5a704d000 r--p 00004000 08:02 1449636                    /usr/lib/x86_64-linux-gnu/libasyncns.so.0.3.1
7fe5a704d000-7fe5a704e000 rw-p 00005000 08:02 1449636                    /usr/lib/x86_64-linux-gnu/libasyncns.so.0.3.1
7fe5a7050000-7fe5a70b0000 r-xp 00000000 08:02 1450097                    /usr/lib/x86_64-linux-gnu/libsndfile.so.1.0.25
7fe5a70b0000-7fe5a72b0000 ---p 00060000 08:02 1450097                    /usr/lib/x86_64-linux-gnu/libsndfile.so.1.0.25
7fe5a72b0000-7fe5a72b2000 r--p 00060000 08:02 1450097                    /usr/lib/x86_64-linux-gnu/libsndfile.so.1.0.25
7fe5a72b2000-7fe5a72b3000 rw-p 00062000 08:02 1450097                    /usr/lib/x86_64-linux-gnu/libsndfile.so.1.0.25
7fe5a72b3000-7fe5a72b7000 rw-p 00000000 00:00 0 
7fe5a72b8000-7fe5a72c0000 r-xp 00000000 08:02 1839165                    /lib/x86_64-linux-gnu/libwrap.so.0.7.6
7fe5a72c0000-7fe5a74bf000 ---p 00008000 08:02 1839165                    /lib/x86_64-linux-gnu/libwrap.so.0.7.6
7fe5a74bf000-7fe5a74c0000 r--p 00007000 08:02 1839165                    /lib/x86_64-linux-gnu/libwrap.so.0.7.6
7fe5a74c0000-7fe5a74c1000 rw-p 00008000 08:02 1839165                    /lib/x86_64-linux-gnu/libwrap.so.0.7.6
7fe5a74c8000-7fe5a7524000 r-xp 00000000 08:02 1450060                    /usr/lib/x86_64-linux-gnu/libpulsecommon-1.1.so
7fe5a7524000-7fe5a7724000 ---p 0005c000 08:02 1450060                    /usr/lib/x86_64-linux-gnu/libpulsecommon-1.1.so
7fe5a7724000-7fe5a7725000 r--p 0005c000 08:02 1450060                    /usr/lib/x86_64-linux-gnu/libpulsecommon-1.1.so
7fe5a7725000-7fe5a7726000 rw-p 0005d000 08:02 1450060                    /usr/lib/x86_64-linux-gnu/libpulsecommon-1.1.so
7fe5a7728000-7fe5a772f000 r-xp 00000000 08:02 1449937                    /usr/lib/x86_64-linux-gnu/libjson.so.0.0.1
7fe5a772f000-7fe5a792e000 ---p 00007000 08:02 1449937                    /usr/lib/x86_64-linux-gnu/libjson.so.0.0.1
7fe5a792e000-7fe5a792f000 r--p 00006000 08:02 1449937                    /usr/lib/x86_64-linux-gnu/libjson.so.0.0.1
7fe5a792f000-7fe5a7930000 rw-p 00007000 08:02 1449937                    /usr/lib/x86_64-linux-gnu/libjson.so.0.0.1
7fe5a7930000-7fe5a7976000 r-xp 00000000 08:02 1450059                    /usr/lib/x86_64-linux-gnu/libpulse.so.0.13.5
7fe5a7976000-7fe5a7b76000 ---p 00046000 08:02 1450059                    /usr/lib/x86_64-linux-gnu/libpulse.so.0.13.5
7fe5a7b76000-7fe5a7b77000 r--p 00046000 08:02 1450059                    /usr/lib/x86_64-linux-gnu/libpulse.so.0.13.5
7fe5a7b77000-7fe5a7b78000 rw-p 00047000 08:02 1450059                    /usr/lib/x86_64-linux-gnu/libpulse.so.0.13.5
7fe5a7b7e000-7fe5a7b81000 ---p 00000000 00:00 0 
7fe5a7b81000-7fe5a7c7f000 rw-p 00000000 00:00 0                          [stack:10887]
7fe5a7c7f000-7fe5a7c82000 ---p 00000000 00:00 0 
7fe5a7c82000-7fe5a7d80000 rw-p 00000000 00:00 0                          [stack:10411]
7fe5a7d80000-7fe5a7df5000 r-xp 00000000 08:02 1450004                    /usr/lib/x86_64-linux-gnu/liborc-0.4.so.0.16.0
7fe5a7df5000-7fe5a7ff4000 ---p 00075000 08:02 1450004                    /usr/lib/x86_64-linux-gnu/liborc-0.4.so.0.16.0
7fe5a7ff4000-7fe5a7ff6000 r--p 00074000 08:02 1450004                    /usr/lib/x86_64-linux-gnu/liborc-0.4.so.0.16.0
7fe5a7ff6000-7fe5a7ffb000 rw-p 00076000 08:02 1450004                    /usr/lib/x86_64-linux-gnu/liborc-0.4.so.0.16.0
7fe5a8000000-7fe5a8022000 rw-p 00000000 00:00 0 
7fe5a8022000-7fe5ac000000 ---p 00000000 00:00 0 
7fe5ac000000-7fe5ac28f000 rw-p 00000000 00:00 0 
7fe5ac28f000-7fe5b0000000 ---p 00000000 00:00 0 
7fe5b009f000-7fe5b00a2000 ---p 00000000 00:00 0 
7fe5b00a2000-7fe5b01a0000 rw-p 00000000 00:00 0                          [stack:8288]
7fe5b01a0000-7fe5b01af000 r-xp 00000000 08:02 1839055                    /lib/x86_64-linux-gnu/libbz2.so.1.0.4
7fe5b01af000-7fe5b03ae000 ---p 0000f000 08:02 1839055                    /lib/x86_64-linux-gnu/libbz2.so.1.0.4
7fe5b03ae000-7fe5b03af000 r--p 0000e000 08:02 1839055                    /lib/x86_64-linux-gnu/libbz2.so.1.0.4
7fe5b03af000-7fe5b03b0000 rw-p 0000f000 08:02 1839055                    /lib/x86_64-linux-gnu/libbz2.so.1.0.4
7fe5b03b0000-7fe5b03c0000 r-xp 00000000 08:02 1453465                    /usr/lib/x86_64-linux-gnu/libva.so.1.3200.0
7fe5b03c0000-7fe5b05bf000 ---p 00010000 08:02 1453465                    /usr/lib/x86_64-linux-gnu/libva.so.1.3200.0
7fe5b05bf000-7fe5b05c0000 r--p 0000f000 08:02 1453465                    /usr/lib/x86_64-linux-gnu/libva.so.1.3200.0
7fe5b05c0000-7fe5b05c1000 rw-p 00010000 08:02 1453465                    /usr/lib/x86_64-linux-gnu/libva.so.1.3200.0
7fe5b05c1000-7fe5b05c6000 rw-p 00000000 00:00 0 
7fe5b05c8000-7fe5b05d4000 r-xp 00000000 08:02 1453404                    /usr/lib/libgsm.so.1.0.12
7fe5b05d4000-7fe5b07d4000 ---p 0000c000 08:02 1453404                    /usr/lib/libgsm.so.1.0.12
7fe5b07d4000-7fe5b07d5000 r--p 0000c000 08:02 1453404                    /usr/lib/libgsm.so.1.0.12
7fe5b07d5000-7fe5b07d6000 rw-p 0000d000 08:02 1453404                    /usr/lib/libgsm.so.1.0.12
7fe5b07d8000-7fe5b0887000 r-xp 00000000 08:02 1453438                    /usr/lib/libschroedinger-1.0.so.0.11.0
7fe5b0887000-7fe5b0a87000 ---p 000af000 08:02 1453438                    /usr/lib/libschroedinger-1.0.so.0.11.0
7fe5b0a87000-7fe5b0a89000 r--p 000af000 08:02 1453438                    /usr/lib/libschroedinger-1.0.so.0.11.0
7fe5b0a89000-7fe5b0a8a000 rw-p 000b1000 08:02 1453438                    /usr/lib/libschroedinger-1.0.so.0.11.0
7fe5b0a8a000-7fe5b0a8b000 rw-p 00000000 00:00 0 
7fe5b0a90000-7fe5b0aa7000 r-xp 00000000 08:02 1450105                    /usr/lib/x86_64-linux-gnu/libspeex.so.1.5.0
7fe5b0aa7000-7fe5b0ca7000 ---p 00017000 08:02 1450105                    /usr/lib/x86_64-linux-gnu/libspeex.so.1.5.0
7fe5b0ca7000-7fe5b0ca8000 r--p 00017000 08:02 1450105                    /usr/lib/x86_64-linux-gnu/libspeex.so.1.5.0
7fe5b0ca8000-7fe5b0ca9000 rw-p 00018000 08:02 1450105                    /usr/lib/x86_64-linux-gnu/libspeex.so.1.5.0
7fe5b0cb0000-7fe5b0cc9000 r-xp 00000000 08:02 1450135                    /usr/lib/x86_64-linux-gnu/libtheoradec.so.1.1.4
7fe5b0cc9000-7fe5b0ec9000 ---p 00019000 08:02 1450135                    /usr/lib/x86_64-linux-gnu/libtheoradec.so.1.1.4
7fe5b0ec9000-7fe5b0eca000 r--p 00019000 08:02 1450135                    /usr/lib/x86_64-linux-gnu/libtheoradec.so.1.1.4
7fe5b0eca000-7fe5b0ecb000 rw-p 0001a000 08:02 1450135                    /usr/lib/x86_64-linux-gnu/libtheoradec.so.1.1.4
7fe5b0ed0000-7fe5b0f0b000 r-xp 00000000 08:02 1450137                    /usr/lib/x86_64-linux-gnu/libtheoraenc.so.1.1.2
7fe5b0f0b000-7fe5b110b000 ---p 0003b000 08:02 1450137                    /usr/lib/x86_64-linux-gnu/libtheoraenc.so.1.1.2
7fe5b110b000-7fe5b110c000 r--p 0003b000 08:02 1450137                    /usr/lib/x86_64-linux-gnu/libtheoraenc.so.1.1.2
7fe5b110c000-7fe5b110d000 rw-p 0003c000 08:02 1450137                    /usr/lib/x86_64-linux-gnu/libtheoraenc.so.1.1.2
7fe5b1110000-7fe5b13c3000 r-xp 00000000 08:02 1450157                    /usr/lib/x86_64-linux-gnu/libvorbisenc.so.2.0.8
7fe5b13c3000-7fe5b15c2000 ---p 002b3000 08:02 1450157                    /usr/lib/x86_64-linux-gnu/libvorbisenc.so.2.0.8
7fe5b15c2000-7fe5b15de000 r--p 002b2000 08:02 1450157                    /usr/lib/x86_64-linux-gnu/libvorbisenc.so.2.0.8
7fe5b15de000-7fe5b15df000 rw-p 002ce000 08:02 1450157                    /usr/lib/x86_64-linux-gnu/libvorbisenc.so.2.0.8
7fe5b15e0000-7fe5b1679000 r-xp 00000000 08:02 1453450                    /usr/lib/libvpx.so.1.0.0
7fe5b1679000-7fe5b1878000 ---p 00099000 08:02 1453450                    /usr/lib/libvpx.so.1.0.0
7fe5b1878000-7fe5b187a000 r--p 00098000 08:02 1453450                    /usr/lib/libvpx.so.1.0.0
7fe5b187a000-7fe5b187b000 rw-p 0009a000 08:02 1453450                    /usr/lib/libvpx.so.1.0.0
7fe5b187b000-7fe5b1885000 rw-p 00000000 00:00 0 
7fe5b1888000-7fe5b18a2000 r-xp 00000000 08:02 1453463                    /usr/lib/x86_64-linux-gnu/libavutil.so.51.22.3
7fe5b18a2000-7fe5b1aa1000 ---p 0001a000 08:02 1453463                    /usr/lib/x86_64-linux-gnu/libavutil.so.51.22.3
7fe5b1aa1000-7fe5b1aa3000 r--p 00019000 08:02 1453463                    /usr/lib/x86_64-linux-gnu/libavutil.so.51.22.3
7fe5b1aa3000-7fe5b1aa4000 rw-p 0001b000 08:02 1453463                    /usr/lib/x86_64-linux-gnu/libavutil.so.51.22.3
7fe5b1aa4000-7fe5b1aa8000 rw-p 00000000 00:00 0 
7fe5b1aa8000-7fe5b1b95000 r-xp 00000000 08:02 1453469                    /usr/lib/x86_64-linux-gnu/libavformat.so.53.21.1
7fe5b1b95000-7fe5b1d95000 ---p 000ed000 08:02 1453469                    /usr/lib/x86_64-linux-gnu/libavformat.so.53.21.1
7fe5b1d95000-7fe5b1d9c000 r--p 000ed000 08:02 1453469                    /usr/lib/x86_64-linux-gnu/libavformat.so.53.21.1
7fe5b1d9c000-7fe5b1da9000 rw-p 000f4000 08:02 1453469                    /usr/lib/x86_64-linux-gnu/libavformat.so.53.21.1
7fe5b1db0000-7fe5b242a000 r-xp 00000000 08:02 1453467                    /usr/lib/x86_64-linux-gnu/libavcodec.so.53.35.0
7fe5b242a000-7fe5b2629000 ---p 0067a000 08:02 1453467                    /usr/lib/x86_64-linux-gnu/libavcodec.so.53.35.0
7fe5b2629000-7fe5b263b000 r--p 00679000 08:02 1453467                    /usr/lib/x86_64-linux-gnu/libavcodec.so.53.35.0
7fe5b263b000-7fe5b2652000 rw-p 0068b000 08:02 1453467                    /usr/lib/x86_64-linux-gnu/libavcodec.so.53.35.0
7fe5b2652000-7fe5b2bc2000 rw-p 00000000 00:00 0 
7fe5b2bc8000-7fe5b2bd1000 r-xp 00000000 08:02 1721276                    /usr/lib/jvm/java-8-oracle/jre/lib/amd64/libavplugin-53.so
7fe5b2bd1000-7fe5b2dd0000 ---p 00009000 08:02 1721276                    /usr/lib/jvm/java-8-oracle/jre/lib/amd64/libavplugin-53.so
7fe5b2dd0000-7fe5b2dd1000 rw-p 00008000 08:02 1721276                    /usr/lib/jvm/java-8-oracle/jre/lib/amd64/libavplugin-53.so
7fe5b2dd8000-7fe5b2df5000 r-xp 00000000 08:02 1721302                    /usr/lib/jvm/java-8-oracle/jre/lib/amd64/libfxplugins.so
7fe5b2df5000-7fe5b2ff5000 ---p 0001d000 08:02 1721302                    /usr/lib/jvm/java-8-oracle/jre/lib/amd64/libfxplugins.so
7fe5b2ff5000-7fe5b2ff7000 rw-p 0001d000 08:02 1721302                    /usr/lib/jvm/java-8-oracle/jre/lib/amd64/libfxplugins.so
7fe5b2ff8000-7fe5b3009000 r-xp 00000000 08:02 1721308                    /usr/lib/jvm/java-8-oracle/jre/lib/amd64/libnio.so
7fe5b3009000-7fe5b3208000 ---p 00011000 08:02 1721308                    /usr/lib/jvm/java-8-oracle/jre/lib/amd64/libnio.so
7fe5b3208000-7fe5b3209000 rw-p 00010000 08:02 1721308                    /usr/lib/jvm/java-8-oracle/jre/lib/amd64/libnio.so
7fe5b320f000-7fe5b3212000 ---p 00000000 00:00 0 
7fe5b3212000-7fe5b3450000 rw-p 00000000 00:00 0                          [stack:8284]
7fe5b3450000-7fe5b3510000 ---p 00000000 00:00 0 
7fe5b3510000-7fe5b35f6000 r-xp 00000000 08:02 1449634                    /usr/lib/x86_64-linux-gnu/libasound.so.2.0.0
7fe5b35f6000-7fe5b37f6000 ---p 000e6000 08:02 1449634                    /usr/lib/x86_64-linux-gnu/libasound.so.2.0.0
7fe5b37f6000-7fe5b37fc000 r--p 000e6000 08:02 1449634                    /usr/lib/x86_64-linux-gnu/libasound.so.2.0.0
7fe5b37fc000-7fe5b37fd000 rw-p 000ec000 08:02 1449634                    /usr/lib/x86_64-linux-gnu/libasound.so.2.0.0
7fe5b37ff000-7fe5b3802000 ---p 00000000 00:00 0 
7fe5b3802000-7fe5b4000000 rw-p 00000000 00:00 0 
7fe5b4000000-7fe5b4022000 rw-p 00000000 00:00 0 
7fe5b4022000-7fe5b8000000 ---p 00000000 00:00 0 
7fe5b8058000-7fe5b81ae000 r-xp 00000000 08:02 1721287                    /usr/lib/jvm/java-8-oracle/jre/lib/amd64/libgstreamer-lite.so
7fe5b81ae000-7fe5b83ad000 ---p 00156000 08:02 1721287                    /usr/lib/jvm/java-8-oracle/jre/lib/amd64/libgstreamer-lite.so
7fe5b83ad000-7fe5b83bd000 rw-p 00155000 08:02 1721287                    /usr/lib/jvm/java-8-oracle/jre/lib/amd64/libgstreamer-lite.so
7fe5b83bd000-7fe5b83be000 rw-p 00000000 00:00 0 
7fe5b83c0000-7fe5b83e9000 r-xp 00000000 08:02 1721277                    /usr/lib/jvm/java-8-oracle/jre/lib/amd64/libjfxmedia.so
7fe5b83e9000-7fe5b85e9000 ---p 00029000 08:02 1721277                    /usr/lib/jvm/java-8-oracle/jre/lib/amd64/libjfxmedia.so
7fe5b85e9000-7fe5b85eb000 rw-p 00029000 08:02 1721277                    /usr/lib/jvm/java-8-oracle/jre/lib/amd64/libjfxmedia.so
7fe5b85f0000-7fe5b8642000 r--p 00000000 08:02 2360092                    /usr/share/fonts/truetype/ubuntu-font-family/Ubuntu-B.ttf
7fe5b8648000-7fe5b86a8000 rw-s 00000000 00:04 6684673                    /SYSV00000000 (deleted)
7fe5b86a8000-7fe5b86ff000 r--p 00000000 08:02 2360097                    /usr/share/fonts/truetype/ubuntu-font-family/Ubuntu-R.ttf
7fe5b8700000-7fe5b8702000 r-xp 00000000 08:02 1704983                    /usr/lib/x86_64-linux-gnu/pango/1.6.0/modules/pango-basic-fc.so
7fe5b8702000-7fe5b8901000 ---p 00002000 08:02 1704983                    /usr/lib/x86_64-linux-gnu/pango/1.6.0/modules/pango-basic-fc.so
7fe5b8901000-7fe5b8902000 r--p 00001000 08:02 1704983                    /usr/lib/x86_64-linux-gnu/pango/1.6.0/modules/pango-basic-fc.so
7fe5b8902000-7fe5b8903000 rw-p 00002000 08:02 1704983                    /usr/lib/x86_64-linux-gnu/pango/1.6.0/modules/pango-basic-fc.so
7fe5b8908000-7fe5b8922000 r-xp 00000000 08:02 1449722                    /usr/lib/x86_64-linux-gnu/libdbusmenu-glib.so.4.0.13
7fe5b8922000-7fe5b8b21000 ---p 0001a000 08:02 1449722                    /usr/lib/x86_64-linux-gnu/libdbusmenu-glib.so.4.0.13
7fe5b8b21000-7fe5b8b22000 r--p 00019000 08:02 1449722                    /usr/lib/x86_64-linux-gnu/libdbusmenu-glib.so.4.0.13
7fe5b8b22000-7fe5b8b23000 rw-p 0001a000 08:02 1449722                    /usr/lib/x86_64-linux-gnu/libdbusmenu-glib.so.4.0.13
7fe5b8b28000-7fe5b8b3a000 r-xp 00000000 08:02 1449724                    /usr/lib/x86_64-linux-gnu/libdbusmenu-gtk.so.4.0.13
7fe5b8b3a000-7fe5b8d39000 ---p 00012000 08:02 1449724                    /usr/lib/x86_64-linux-gnu/libdbusmenu-gtk.so.4.0.13
7fe5b8d39000-7fe5b8d3a000 r--p 00011000 08:02 1449724                    /usr/lib/x86_64-linux-gnu/libdbusmenu-gtk.so.4.0.13
7fe5b8d3a000-7fe5b8d3b000 rw-p 00012000 08:02 1449724                    /usr/lib/x86_64-linux-gnu/libdbusmenu-gtk.so.4.0.13
7fe5b8d40000-7fe5b8d45000 r-xp 00000000 08:02 1704779                    /usr/lib/x86_64-linux-gnu/gtk-2.0/2.10.0/menuproxies/libappmenu.so
7fe5b8d45000-7fe5b8f44000 ---p 00005000 08:02 1704779                    /usr/lib/x86_64-linux-gnu/gtk-2.0/2.10.0/menuproxies/libappmenu.so
7fe5b8f44000-7fe5b8f45000 r--p 00004000 08:02 1704779                    /usr/lib/x86_64-linux-gnu/gtk-2.0/2.10.0/menuproxies/libappmenu.so
7fe5b8f45000-7fe5b8f46000 rw-p 00005000 08:02 1704779                    /usr/lib/x86_64-linux-gnu/gtk-2.0/2.10.0/menuproxies/libappmenu.so
7fe5b8f46000-7fe5b8f47000 ---p 00000000 00:00 0 
7fe5b8f47000-7fe5b9747000 rw-p 00000000 00:00 0 
7fe5b9747000-7fe5b9748000 ---p 00000000 00:00 0 
7fe5b9748000-7fe5b9f48000 rw-p 00000000 00:00 0                          [stack:8285]
7fe5b9f48000-7fe5ba09a000 r-xp 00000000 08:02 1445107                    /usr/lib/x86_64-linux-gnu/libxml2.so.2.7.8
7fe5ba09a000-7fe5ba299000 ---p 00152000 08:02 1445107                    /usr/lib/x86_64-linux-gnu/libxml2.so.2.7.8
7fe5ba299000-7fe5ba2a1000 r--p 00151000 08:02 1445107                    /usr/lib/x86_64-linux-gnu/libxml2.so.2.7.8
7fe5ba2a1000-7fe5ba2a3000 rw-p 00159000 08:02 1445107                    /usr/lib/x86_64-linux-gnu/libxml2.so.2.7.8
7fe5ba2a3000-7fe5ba2a4000 rw-p 00000000 00:00 0 
7fe5ba2a8000-7fe5ba2df000 r-xp 00000000 08:02 1449693                    /usr/lib/x86_64-linux-gnu/libcroco-0.6.so.3.0.1
7fe5ba2df000-7fe5ba4de000 ---p 00037000 08:02 1449693                    /usr/lib/x86_64-linux-gnu/libcroco-0.6.so.3.0.1
7fe5ba4de000-7fe5ba4e1000 r--p 00036000 08:02 1449693                    /usr/lib/x86_64-linux-gnu/libcroco-0.6.so.3.0.1
7fe5ba4e1000-7fe5ba4e2000 rw-p 00039000 08:02 1449693                    /usr/lib/x86_64-linux-gnu/libcroco-0.6.so.3.0.1
7fe5ba4e8000-7fe5ba51c000 r-xp 00000000 08:02 1450076                    /usr/lib/x86_64-linux-gnu/librsvg-2.so.2.36.1
7fe5ba51c000-7fe5ba71b000 ---p 00034000 08:02 1450076                    /usr/lib/x86_64-linux-gnu/librsvg-2.so.2.36.1
7fe5ba71b000-7fe5ba71c000 r--p 00033000 08:02 1450076                    /usr/lib/x86_64-linux-gnu/librsvg-2.so.2.36.1
7fe5ba71c000-7fe5ba71d000 rw-p 00034000 08:02 1450076                    /usr/lib/x86_64-linux-gnu/librsvg-2.so.2.36.1
7fe5ba738000-7fe5ba73a000 r-xp 00000000 08:02 1704617                    /usr/lib/x86_64-linux-gnu/gdk-pixbuf-2.0/2.10.0/loaders/libpixbufloader-svg.so
7fe5ba73a000-7fe5ba939000 ---p 00002000 08:02 1704617                    /usr/lib/x86_64-linux-gnu/gdk-pixbuf-2.0/2.10.0/loaders/libpixbufloader-svg.so
7fe5ba939000-7fe5ba93a000 r--p 00001000 08:02 1704617                    /usr/lib/x86_64-linux-gnu/gdk-pixbuf-2.0/2.10.0/loaders/libpixbufloader-svg.so
7fe5ba93a000-7fe5ba93b000 rw-p 00002000 08:02 1704617                    /usr/lib/x86_64-linux-gnu/gdk-pixbuf-2.0/2.10.0/loaders/libpixbufloader-svg.so
7fe5ba940000-7fe5ba944000 r-xp 00000000 08:02 1705676                    /usr/lib/x86_64-linux-gnu/gdk-pixbuf-2.0/2.10.0/loaders/libpixbufloader-png.so
7fe5ba944000-7fe5bab44000 ---p 00004000 08:02 1705676                    /usr/lib/x86_64-linux-gnu/gdk-pixbuf-2.0/2.10.0/loaders/libpixbufloader-png.so
7fe5bab44000-7fe5bab45000 r--p 00004000 08:02 1705676                    /usr/lib/x86_64-linux-gnu/gdk-pixbuf-2.0/2.10.0/loaders/libpixbufloader-png.so
7fe5bab45000-7fe5bab46000 rw-p 00005000 08:02 1705676                    /usr/lib/x86_64-linux-gnu/gdk-pixbuf-2.0/2.10.0/loaders/libpixbufloader-png.so
7fe5bab48000-7fe5bab64000 r--s 00000000 08:02 1716085                    /usr/share/mime/mime.cache
7fe5bb8a5000-7fe5bb9a6000 rw-p 00000000 00:00 0 
7fe5bb9a6000-7fe5bb9a9000 ---p 00000000 00:00 0 
7fe5bb9a9000-7fe5bbaa7000 rw-p 00000000 00:00 0                          [stack:12115]
7fe5bbaa7000-7fe5bbaaa000 ---p 00000000 00:00 0 
7fe5bbaaa000-7fe5bbba8000 rw-p 00000000 00:00 0                          [stack:12113]
7fe5bbba8000-7fe5bbbb4000 r-xp 00000000 08:02 1839128                    /lib/x86_64-linux-gnu/libudev.so.0.13.0
7fe5bbbb4000-7fe5bbdb3000 ---p 0000c000 08:02 1839128                    /lib/x86_64-linux-gnu/libudev.so.0.13.0
7fe5bbdb3000-7fe5bbdb4000 r--p 0000b000 08:02 1839128                    /lib/x86_64-linux-gnu/libudev.so.0.13.0
7fe5bbdb4000-7fe5bbdb5000 rw-p 0000c000 08:02 1839128                    /lib/x86_64-linux-gnu/libudev.so.0.13.0
7fe5bbdb8000-7fe5bbdfa000 r-xp 00000000 08:02 1839148                    /lib/x86_64-linux-gnu/libdbus-1.so.3.5.8
7fe5bbdfa000-7fe5bbffa000 ---p 00042000 08:02 1839148                    /lib/x86_64-linux-gnu/libdbus-1.so.3.5.8
7fe5bbffa000-7fe5bbffb000 r--p 00042000 08:02 1839148                    /lib/x86_64-linux-gnu/libdbus-1.so.3.5.8
7fe5bbffb000-7fe5bbffc000 rw-p 00043000 08:02 1839148                    /lib/x86_64-linux-gnu/libdbus-1.so.3.5.8
7fe5bc000000-7fe5bc021000 rw-p 00000000 00:00 0 
7fe5bc021000-7fe5c0000000 ---p 00000000 00:00 0 
7fe5c0000000-7fe5c028d000 rw-p 00000000 00:00 0 
7fe5c028d000-7fe5c4000000 ---p 00000000 00:00 0 
7fe5c4000000-7fe5c4021000 rw-p 00000000 00:00 0 
7fe5c4021000-7fe5c8000000 ---p 00000000 00:00 0 
7fe5c8000000-7fe5c84be000 rw-p 00000000 00:00 0 
7fe5c84be000-7fe5cc000000 ---p 00000000 00:00 0 
7fe5cc000000-7fe5cc022000 rw-p 00000000 00:00 0 
7fe5cc022000-7fe5d0000000 ---p 00000000 00:00 0 
7fe5d0010000-7fe5d0020000 r-xp 00000000 08:02 1712760                    /usr/lib/x86_64-linux-gnu/gio/modules/libgioremote-volume-monitor.so
7fe5d0020000-7fe5d021f000 ---p 00010000 08:02 1712760                    /usr/lib/x86_64-linux-gnu/gio/modules/libgioremote-volume-monitor.so
7fe5d021f000-7fe5d0220000 r--p 0000f000 08:02 1712760                    /usr/lib/x86_64-linux-gnu/gio/modules/libgioremote-volume-monitor.so
7fe5d0220000-7fe5d0221000 rw-p 00010000 08:02 1712760                    /usr/lib/x86_64-linux-gnu/gio/modules/libgioremote-volume-monitor.so
7fe5d0228000-7fe5d023e000 r-xp 00000000 08:02 1704832                    /usr/lib/x86_64-linux-gnu/gvfs/libgvfscommon.so
7fe5d023e000-7fe5d043d000 ---p 00016000 08:02 1704832                    /usr/lib/x86_64-linux-gnu/gvfs/libgvfscommon.so
7fe5d043d000-7fe5d043e000 r--p 00015000 08:02 1704832                    /usr/lib/x86_64-linux-gnu/gvfs/libgvfscommon.so
7fe5d043e000-7fe5d043f000 rw-p 00016000 08:02 1704832                    /usr/lib/x86_64-linux-gnu/gvfs/libgvfscommon.so
7fe5d0440000-7fe5d0468000 r-xp 00000000 08:02 1712761                    /usr/lib/x86_64-linux-gnu/gio/modules/libgvfsdbus.so
7fe5d0468000-7fe5d0667000 ---p 00028000 08:02 1712761                    /usr/lib/x86_64-linux-gnu/gio/modules/libgvfsdbus.so
7fe5d0667000-7fe5d0668000 r--p 00027000 08:02 1712761                    /usr/lib/x86_64-linux-gnu/gio/modules/libgvfsdbus.so
7fe5d0668000-7fe5d0669000 rw-p 00028000 08:02 1712761                    /usr/lib/x86_64-linux-gnu/gio/modules/libgvfsdbus.so
7fe5d0669000-7fe5d066c000 ---p 00000000 00:00 0 
7fe5d066c000-7fe5d076a000 rw-p 00000000 00:00 0                          [stack:7048]
7fe5d076a000-7fe5d086a000 rw-s 012fa000 00:05 10788                      /dev/ati/card0
7fe5d086f000-7fe5d0a6f000 rw-p 00000000 00:00 0 
7fe5d0a6f000-7fe5d0a72000 ---p 00000000 00:00 0 
7fe5d0a72000-7fe5d0b70000 rw-p 00000000 00:00 0                          [stack:7044]
7fe5d0b70000-7fe5d0c20000 r--p 00000000 08:02 2360066                    /usr/share/fonts/truetype/ttf-dejavu/DejaVuSans.ttf
7fe5d0c20000-7fe5d0c75000 r--p 00000000 08:02 1721228                    /usr/lib/jvm/java-8-oracle/jre/lib/fonts/LucidaBrightRegular.ttf
7fe5d0c78000-7fe5d0c8b000 r--p 00000000 08:02 1721227                    /usr/lib/jvm/java-8-oracle/jre/lib/fonts/LucidaBrightDemiBold.ttf
7fe5d0c90000-7fe5d0ca3000 r--p 00000000 08:02 1721226                    /usr/lib/jvm/java-8-oracle/jre/lib/fonts/LucidaBrightDemiItalic.ttf
7fe5d0ca8000-7fe5d0cbc000 r--p 00000000 08:02 1721225                    /usr/lib/jvm/java-8-oracle/jre/lib/fonts/LucidaBrightItalic.ttf
7fe5d0cc0000-7fe5d0d6b000 r--p 00000000 08:02 1721224                    /usr/lib/jvm/java-8-oracle/jre/lib/fonts/LucidaSansRegular.ttf
7fe5d0d70000-7fe5d0daa000 r--p 00000000 08:02 1721223                    /usr/lib/jvm/java-8-oracle/jre/lib/fonts/LucidaTypewriterBold.ttf
7fe5d0db0000-7fe5d0dec000 r--p 00000000 08:02 1721221                    /usr/lib/jvm/java-8-oracle/jre/lib/fonts/LucidaTypewriterRegular.ttf
7fe5d0df0000-7fe5d0e3e000 r--p 00000000 08:02 1721220                    /usr/lib/jvm/java-8-oracle/jre/lib/fonts/LucidaSansDemiBold.ttf
7fe5d0e40000-7fe5d0e44000 r-xp 00000000 08:02 1721288                    /usr/lib/jvm/java-8-oracle/jre/lib/amd64/libjavafx_font_pango.so
7fe5d0e44000-7fe5d1043000 ---p 00004000 08:02 1721288                    /usr/lib/jvm/java-8-oracle/jre/lib/amd64/libjavafx_font_pango.so
7fe5d1043000-7fe5d1044000 rw-p 00003000 08:02 1721288                    /usr/lib/jvm/java-8-oracle/jre/lib/amd64/libjavafx_font_pango.so
7fe5d104b000-7fe5d1050000 r--s 00083000 08:02 1583715                    /usr/lib/jvm/java-8-oracle/jre/lib/jfr.jar
7fe5d1050000-7fe5d1250000 rw-p 00000000 00:00 0 
7fe5d1250000-7fe5d1259000 r--s 00000000 08:02 917670                     /var/cache/fontconfig/945677eb7aeaf62f1d50efc3fb3ec7d8-le64.cache-3
7fe5d1260000-7fe5d1262000 r--s 00000000 08:02 917671                     /var/cache/fontconfig/99e8ed0e538f840c565b6ed5dad60d56-le64.cache-3
7fe5d1268000-7fe5d126d000 r-xp 00000000 08:02 1721301                    /usr/lib/jvm/java-8-oracle/jre/lib/amd64/libjavafx_font_freetype.so
7fe5d126d000-7fe5d146c000 ---p 00005000 08:02 1721301                    /usr/lib/jvm/java-8-oracle/jre/lib/amd64/libjavafx_font_freetype.so
7fe5d146c000-7fe5d146d000 rw-p 00004000 08:02 1721301                    /usr/lib/jvm/java-8-oracle/jre/lib/amd64/libjavafx_font_freetype.so
7fe5d1470000-7fe5d1473000 r-xp 00000000 08:02 1721299                    /usr/lib/jvm/java-8-oracle/jre/lib/amd64/libjavafx_font.so
7fe5d1473000-7fe5d1672000 ---p 00003000 08:02 1721299                    /usr/lib/jvm/java-8-oracle/jre/lib/amd64/libjavafx_font.so
7fe5d1672000-7fe5d1673000 rw-p 00002000 08:02 1721299                    /usr/lib/jvm/java-8-oracle/jre/lib/amd64/libjavafx_font.so
7fe5d1675000-7fe5d2675000 rw-s 012e5000 00:05 10788                      /dev/ati/card0
7fe5d2677000-7fe5d267a000 ---p 00000000 00:00 0 
7fe5d267a000-7fe5d2778000 rw-p 00000000 00:00 0                          [stack:7042]
7fe5d2778000-7fe5d277e000 r-xp 00000000 08:02 1450002                    /usr/lib/x86_64-linux-gnu/libogg.so.0.7.1
7fe5d277e000-7fe5d297d000 ---p 00006000 08:02 1450002                    /usr/lib/x86_64-linux-gnu/libogg.so.0.7.1
7fe5d297d000-7fe5d297e000 r--p 00005000 08:02 1450002                    /usr/lib/x86_64-linux-gnu/libogg.so.0.7.1
7fe5d297e000-7fe5d297f000 rw-p 00006000 08:02 1450002                    /usr/lib/x86_64-linux-gnu/libogg.so.0.7.1
7fe5d2980000-7fe5d29ab000 r-xp 00000000 08:02 1450155                    /usr/lib/x86_64-linux-gnu/libvorbis.so.0.4.5
7fe5d29ab000-7fe5d2baa000 ---p 0002b000 08:02 1450155                    /usr/lib/x86_64-linux-gnu/libvorbis.so.0.4.5
7fe5d2baa000-7fe5d2bab000 r--p 0002a000 08:02 1450155                    /usr/lib/x86_64-linux-gnu/libvorbis.so.0.4.5
7fe5d2bab000-7fe5d2bac000 rw-p 0002b000 08:02 1450155                    /usr/lib/x86_64-linux-gnu/libvorbis.so.0.4.5
7fe5d2bb0000-7fe5d2bb8000 r-xp 00000000 08:02 1449960                    /usr/lib/x86_64-linux-gnu/libltdl.so.7.3.0
7fe5d2bb8000-7fe5d2db8000 ---p 00008000 08:02 1449960                    /usr/lib/x86_64-linux-gnu/libltdl.so.7.3.0
7fe5d2db8000-7fe5d2db9000 r--p 00008000 08:02 1449960                    /usr/lib/x86_64-linux-gnu/libltdl.so.7.3.0
7fe5d2db9000-7fe5d2dba000 rw-p 00009000 08:02 1449960                    /usr/lib/x86_64-linux-gnu/libltdl.so.7.3.0
7fe5d2dc0000-7fe5d2dd0000 r-xp 00000000 08:02 1450127                    /usr/lib/x86_64-linux-gnu/libtdb.so.1.2.9
7fe5d2dd0000-7fe5d2fcf000 ---p 00010000 08:02 1450127                    /usr/lib/x86_64-linux-gnu/libtdb.so.1.2.9
7fe5d2fcf000-7fe5d2fd0000 r--p 0000f000 08:02 1450127                    /usr/lib/x86_64-linux-gnu/libtdb.so.1.2.9
7fe5d2fd0000-7fe5d2fd1000 rw-p 00010000 08:02 1450127                    /usr/lib/x86_64-linux-gnu/libtdb.so.1.2.9
7fe5d2fd8000-7fe5d2fdf000 r-xp 00000000 08:02 1450159                    /usr/lib/x86_64-linux-gnu/libvorbisfile.so.3.3.4
7fe5d2fdf000-7fe5d31de000 ---p 00007000 08:02 1450159                    /usr/lib/x86_64-linux-gnu/libvorbisfile.so.3.3.4
7fe5d31de000-7fe5d31df000 r--p 00006000 08:02 1450159                    /usr/lib/x86_64-linux-gnu/libvorbisfile.so.3.3.4
7fe5d31df000-7fe5d31e0000 rw-p 00007000 08:02 1450159                    /usr/lib/x86_64-linux-gnu/libvorbisfile.so.3.3.4
7fe5d31e0000-7fe5d31ef000 r-xp 00000000 08:02 1449684                    /usr/lib/x86_64-linux-gnu/libcanberra.so.0.2.5
7fe5d31ef000-7fe5d33ee000 ---p 0000f000 08:02 1449684                    /usr/lib/x86_64-linux-gnu/libcanberra.so.0.2.5
7fe5d33ee000-7fe5d33ef000 r--p 0000e000 08:02 1449684                    /usr/lib/x86_64-linux-gnu/libcanberra.so.0.2.5
7fe5d33ef000-7fe5d33f0000 rw-p 0000f000 08:02 1449684                    /usr/lib/x86_64-linux-gnu/libcanberra.so.0.2.5
7fe5d33f0000-7fe5d33f4000 r-xp 00000000 08:02 1449680                    /usr/lib/x86_64-linux-gnu/libcanberra-gtk.so.0.1.8
7fe5d33f4000-7fe5d35f3000 ---p 00004000 08:02 1449680                    /usr/lib/x86_64-linux-gnu/libcanberra-gtk.so.0.1.8
7fe5d35f3000-7fe5d35f4000 r--p 00003000 08:02 1449680                    /usr/lib/x86_64-linux-gnu/libcanberra-gtk.so.0.1.8
7fe5d35f4000-7fe5d35f5000 rw-p 00004000 08:02 1449680                    /usr/lib/x86_64-linux-gnu/libcanberra-gtk.so.0.1.8
7fe5d35f8000-7fe5d35fd000 r-xp 00000000 08:02 1704785                    /usr/lib/x86_64-linux-gnu/gtk-2.0/modules/libcanberra-gtk-module.so
7fe5d35fd000-7fe5d37fc000 ---p 00005000 08:02 1704785                    /usr/lib/x86_64-linux-gnu/gtk-2.0/modules/libcanberra-gtk-module.so
7fe5d37fc000-7fe5d37fd000 r--p 00004000 08:02 1704785                    /usr/lib/x86_64-linux-gnu/gtk-2.0/modules/libcanberra-gtk-module.so
7fe5d37fd000-7fe5d37fe000 rw-p 00005000 08:02 1704785                    /usr/lib/x86_64-linux-gnu/gtk-2.0/modules/libcanberra-gtk-module.so
7fe5d37ff000-7fe5d3800000 ---p 00000000 00:00 0 
7fe5d3800000-7fe5d4000000 rw-p 00000000 00:00 0                          [stack:7040]
7fe5d4000000-7fe5d4022000 rw-p 00000000 00:00 0 
7fe5d4022000-7fe5d8000000 ---p 00000000 00:00 0 
7fe5d8000000-7fe5d8001000 r--s 00000000 08:02 917675                     /var/cache/fontconfig/c05880de57d1f5e948fdfacc138775d9-le64.cache-3
7fe5d8008000-7fe5d800c000 r--s 00000000 08:02 917657                     /var/cache/fontconfig/2cd17615ca594fa2959ae173292e504c-le64.cache-3
7fe5d8010000-7fe5d8011000 r--s 00000000 08:02 917682                     /var/cache/fontconfig/e7071f4a29fa870f4323321c154eba04-le64.cache-3
7fe5d8018000-7fe5d8019000 r--s 00000000 08:02 917655                     /var/cache/fontconfig/0d8c3b2ac0904cb8a57a757ad11a4a08-le64.cache-3
7fe5d8020000-7fe5d8026000 r--s 00000000 08:02 917672                     /var/cache/fontconfig/a755afe4a08bf5b97852ceb7400b47bc-le64.cache-3
7fe5d8028000-7fe5d8031000 r--s 00000000 08:02 925698                     /var/cache/fontconfig/6d41288fd70b0be22e8c3a91e032eec0-le64.cache-3
7fe5d8038000-7fe5d8048000 r--s 00000000 08:02 917654                     /var/cache/fontconfig/04aabc0a78ac019cf9454389977116d2-le64.cache-3
7fe5d8048000-7fe5d804b000 r--s 00000000 08:02 917660                     /var/cache/fontconfig/385c0604a188198f04d133e54aba7fe7-le64.cache-3
7fe5d8050000-7fe5d8051000 r--s 00000000 08:02 925455                     /var/cache/fontconfig/4794a0821666d79190d59a36cb4f44b5-le64.cache-3
7fe5d8058000-7fe5d805b000 r--s 00000000 08:02 917669                     /var/cache/fontconfig/8801497958630a81b71ace7c5f9b32a8-le64.cache-3
7fe5d8060000-7fe5d8065000 r--s 00000000 08:02 917658                     /var/cache/fontconfig/3047814df9a2f067bd2d96a2b9c36e5a-le64.cache-3
7fe5d8068000-7fe5d8078000 r--s 00000000 08:02 917678                     /var/cache/fontconfig/d52a8644073d54c13679302ca1180695-le64.cache-3
7fe5d8078000-7fe5d8083000 r--s 00000000 08:02 917666                     /var/cache/fontconfig/e13b20fdb08344e0e664864cc2ede53d-le64.cache-3
7fe5d808a00